Build started 10/13/2015 7:36:23 PM.
     1>Project "C:\Users\NguyenVietNamSon\Desktop\KTLT (7-2015)  - Buoi 26 - 27 - Struct\Du Lieu Kieu Cau Truc (Struct)\Project_1\Project_1.vcxproj" on node 2 (Build target(s)).
     1>ClCompile:
         C:\Program Files (x86)\Microsoft Visual Studio 11.0\VC\bin\CL.exe /c /ZI /nologo /W3 /WX- /Od /Oy- /D _MBCS /Gm /EHsc /RTC1 /MDd /GS /fp:precise /Zc:wchar_t /Zc:forScope /Fo"Debug\\" /Fd"Debug\vc110.pdb" /Gd /TP /analyze- /errorReport:prompt LopHoc.cpp Source.cpp
         Source.cpp
     1>c:\users\nguyenvietnamson\desktop\ktlt (7-2015)  - buoi 26 - 27 - struct\du lieu kieu cau truc (struct)\project_1\source.cpp(111): warning C4996: 'getch': The POSIX name for this item is deprecated. Instead, use the ISO C++ conformant name: _getch. See online help for details.
                 c:\program files (x86)\microsoft visual studio 11.0\vc\include\conio.h(131) : see declaration of 'getch'
     1>c:\users\nguyenvietnamson\desktop\ktlt (7-2015)  - buoi 26 - 27 - struct\du lieu kieu cau truc (struct)\project_1\source.cpp(66): warning C4101: 'them' : unreferenced local variable
         LopHoc.cpp
     1>c:\users\nguyenvietnamson\desktop\ktlt (7-2015)  - buoi 26 - 27 - struct\du lieu kieu cau truc (struct)\project_1\lophoc.cpp(8): warning C4996: 'scanf': This function or variable may be unsafe. Consider using scanf_s instead. To disable deprecation, use _CRT_SECURE_NO_WARNINGS. See online help for details.
                 c:\program files (x86)\microsoft visual studio 11.0\vc\include\stdio.h(290) : see declaration of 'scanf'
     1>c:\users\nguyenvietnamson\desktop\ktlt (7-2015)  - buoi 26 - 27 - struct\du lieu kieu cau truc (struct)\project_1\lophoc.cpp(29): warning C4996: 'gets': This function or variable may be unsafe. Consider using gets_s instead. To disable deprecation, use _CRT_SECURE_NO_WARNINGS. See online help for details.
                 c:\program files (x86)\microsoft visual studio 11.0\vc\include\stdio.h(261) : see declaration of 'gets'
     1>c:\users\nguyenvietnamson\desktop\ktlt (7-2015)  - buoi 26 - 27 - struct\du lieu kieu cau truc (struct)\project_1\lophoc.cpp(230): warning C4996: 'gets': This function or variable may be unsafe. Consider using gets_s instead. To disable deprecation, use _CRT_SECURE_NO_WARNINGS. See online help for details.
                 c:\program files (x86)\microsoft visual studio 11.0\vc\include\stdio.h(261) : see declaration of 'gets'
         Generating Code...
       Link:
         C:\Program Files (x86)\Microsoft Visual Studio 11.0\VC\bin\link.exe /ERRORREPORT:PROMPT /OUT:"C:\Users\NguyenVietNamSon\Desktop\KTLT (7-2015)  - Buoi 26 - 27 - Struct\Du Lieu Kieu Cau Truc (Struct)\Debug\Project_1.exe" /INCREMENTAL /NOLOGO kernel32.lib user32.lib gdi32.lib winspool.lib comdlg32.lib advapi32.lib shell32.lib ole32.lib oleaut32.lib uuid.lib odbc32.lib odbccp32.lib /MANIFEST /MANIFESTUAC:"level='asInvoker' uiAccess='false'" /manifest:embed /DEBUG /PDB:"C:\Users\NguyenVietNamSon\Desktop\KTLT (7-2015)  - Buoi 26 - 27 - Struct\Du Lieu Kieu Cau Truc (Struct)\Debug\Project_1.pdb" /TLBID:1 /DYNAMICBASE /NXCOMPAT /IMPLIB:"C:\Users\NguyenVietNamSon\Desktop\KTLT (7-2015)  - Buoi 26 - 27 - Struct\Du Lieu Kieu Cau Truc (Struct)\Debug\Project_1.lib" /MACHINE:X86 Debug\DanhSachMon.obj
         Debug\LopHoc.obj
         Debug\MonHoc.obj
         Debug\SinhVien.obj
         Debug\Source.obj
         Project_1.vcxproj -> C:\Users\NguyenVietNamSon\Desktop\KTLT (7-2015)  - Buoi 26 - 27 - Struct\Du Lieu Kieu Cau Truc (Struct)\Debug\Project_1.exe
     1>Done Building Project "C:\Users\NguyenVietNamSon\Desktop\KTLT (7-2015)  - Buoi 26 - 27 - Struct\Du Lieu Kieu Cau Truc (Struct)\Project_1\Project_1.vcxproj" (Build target(s)).

Build succeeded.

Time Elapsed 00:00:02.12
